This is pdfTeX, Version 3.14159265-2.6-1.40.19 (TeX Live 2018/W32TeX) (preloaded format=pdflatex 2019.1.2)  28 AUG 2019 15:18
entering extended mode
 restricted \write18 enabled.
 %&-line parsing enabled.
**ISK-means-botao.tex
(./ISK-means-botao.tex
LaTeX2e <2018-12-01>
(./ieeecolor.cls

LaTeX Warning: You have requested document class `ieeecolor',
               but the document class provides `IEEEtran'.

Document Class: IEEEtran 2002/11/18 revision V1.6b by Michael Shell
-- See the "IEEEtran_HOWTO" manual for usage information.
-- The source comments contain changelog notes.
(c:/texlive/2018/texmf-dist/tex/latex/graphics/color.sty
Package: color 2016/07/10 v1.1e Standard LaTeX Color (DPC)

(c:/texlive/2018/texmf-dist/tex/latex/graphics-cfg/color.cfg
File: color.cfg 2016/01/02 v1.6 sample color configuration
)
Package color Info: Driver file: pdftex.def on input line 147.

(c:/texlive/2018/texmf-dist/tex/latex/graphics-def/pdftex.def
File: pdftex.def 2018/01/08 v1.0l Graphics/color driver for pdftex
))
\@draftversionrule=\dimen102
\@IEEEtrantmpdimenA=\dimen103
\@IEEEtrantmpdimenB=\dimen104
\@IEEEtrantmpcountA=\count80
\@IEEEtrantmpcountB=\count81
\@IEEEtrantmptoksA=\toks14
LaTeX Font Info:    Try loading font information for OT1+ptm on input line 834.


(c:/texlive/2018/texmf-dist/tex/latex/psnfss/ot1ptm.fd
File: ot1ptm.fd 2001/06/04 font definitions for OT1/ptm.
)
\@IEEEnormalsizefontbaselineskip=\skip41

-- This is a 10 point document.
\normalsizebaselineskip=\skip42
\normaljot=\skip43
LaTeX Font Info:    Font shape `OT1/ptm/bx/n' in size <5> not available
(Font)              Font shape `OT1/ptm/b/n' tried instead on input line 1180.
LaTeX Font Info:    Font shape `OT1/ptm/bx/it' in size <5> not available
(Font)              Font shape `OT1/ptm/b/it' tried instead on input line 1180.

LaTeX Font Info:    Font shape `OT1/ptm/bx/n' in size <7> not available
(Font)              Font shape `OT1/ptm/b/n' tried instead on input line 1180.
LaTeX Font Info:    Font shape `OT1/ptm/bx/it' in size <7> not available
(Font)              Font shape `OT1/ptm/b/it' tried instead on input line 1180.

LaTeX Font Info:    Font shape `OT1/ptm/bx/n' in size <8> not available
(Font)              Font shape `OT1/ptm/b/n' tried instead on input line 1180.
LaTeX Font Info:    Font shape `OT1/ptm/bx/it' in size <8> not available
(Font)              Font shape `OT1/ptm/b/it' tried instead on input line 1180.

LaTeX Font Info:    Font shape `OT1/ptm/bx/n' in size <9> not available
(Font)              Font shape `OT1/ptm/b/n' tried instead on input line 1180.
LaTeX Font Info:    Font shape `OT1/ptm/bx/it' in size <9> not available
(Font)              Font shape `OT1/ptm/b/it' tried instead on input line 1180.

LaTeX Font Info:    Font shape `OT1/ptm/bx/n' in size <10> not available
(Font)              Font shape `OT1/ptm/b/n' tried instead on input line 1180.
LaTeX Font Info:    Font shape `OT1/ptm/bx/it' in size <10> not available
(Font)              Font shape `OT1/ptm/b/it' tried instead on input line 1180.

LaTeX Font Info:    Font shape `OT1/ptm/bx/n' in size <11> not available
(Font)              Font shape `OT1/ptm/b/n' tried instead on input line 1180.
LaTeX Font Info:    Font shape `OT1/ptm/bx/it' in size <11> not available
(Font)              Font shape `OT1/ptm/b/it' tried instead on input line 1180.

LaTeX Font Info:    Font shape `OT1/ptm/bx/n' in size <12> not available
(Font)              Font shape `OT1/ptm/b/n' tried instead on input line 1180.
LaTeX Font Info:    Font shape `OT1/ptm/bx/it' in size <12> not available
(Font)              Font shape `OT1/ptm/b/it' tried instead on input line 1180.

LaTeX Font Info:    Font shape `OT1/ptm/bx/n' in size <17> not available
(Font)              Font shape `OT1/ptm/b/n' tried instead on input line 1180.
LaTeX Font Info:    Font shape `OT1/ptm/bx/it' in size <17> not available
(Font)              Font shape `OT1/ptm/b/it' tried instead on input line 1180.

LaTeX Font Info:    Font shape `OT1/ptm/bx/n' in size <20> not available
(Font)              Font shape `OT1/ptm/b/n' tried instead on input line 1180.
LaTeX Font Info:    Font shape `OT1/ptm/bx/it' in size <20> not available
(Font)              Font shape `OT1/ptm/b/it' tried instead on input line 1180.

LaTeX Font Info:    Font shape `OT1/ptm/bx/n' in size <24> not available
(Font)              Font shape `OT1/ptm/b/n' tried instead on input line 1180.
LaTeX Font Info:    Font shape `OT1/ptm/bx/it' in size <24> not available
(Font)              Font shape `OT1/ptm/b/it' tried instead on input line 1180.

\IEEEilabelindentA=\dimen105
\IEEEilabelindentB=\dimen106
\IEEEilabelindent=\dimen107
\IEEEelabelindent=\dimen108
\IEEEdlabelindent=\dimen109
\labelindent=\dimen110
\IEEEiednormlabelsep=\dimen111
\IEEEiedmathlabelsep=\dimen112
\IEEEiedtopsep=\skip44
\c@section=\count82
\c@subsection=\count83
\c@subsubsection=\count84
\c@paragraph=\count85
\c@IEEEsubequation=\count86
\abovecaptionskip=\skip45
\belowcaptionskip=\skip46
\figbox=\box27
\c@figure=\count87
\c@query=\count88
\c@qry=\count89
\c@nquery=\count90
\c@tquery=\count91
\c@equery=\count92
\c@eqry=\count93
\c@edquery=\count94
\c@etquery=\count95
\c@table=\count96
\@IEEEeqnnumcols=\count97
\@IEEEeqncolcnt=\count98
\firstpagerule=\skip47
\logowidth=\skip48
\@IEEEtmpitemindent=\dimen113
\c@biography=\count99
\c@edbiography=\count100
LaTeX Info: Redefining \sf on input line 4869.
\@IEEEtranrubishbin=\box28
) (./generic.sty) (c:/texlive/2018/texmf-dist/tex/latex/cite/cite.sty
LaTeX Info: Redefining \cite on input line 302.
LaTeX Info: Redefining \nocite on input line 332.
Package: cite 2015/02/27  v 5.5
)
(c:/texlive/2018/texmf-dist/tex/latex/amsmath/amsmath.sty
Package: amsmath 2018/12/01 v2.17b AMS math features
\@mathmargin=\skip49

For additional information on amsmath, use the `?' option.
(c:/texlive/2018/texmf-dist/tex/latex/amsmath/amstext.sty
Package: amstext 2000/06/29 v2.01 AMS text

(c:/texlive/2018/texmf-dist/tex/latex/amsmath/amsgen.sty
File: amsgen.sty 1999/11/30 v2.0 generic functions
\@emptytoks=\toks15
\ex@=\dimen114
))
(c:/texlive/2018/texmf-dist/tex/latex/amsmath/amsbsy.sty
Package: amsbsy 1999/11/29 v1.2d Bold Symbols
\pmbraise@=\dimen115
)
(c:/texlive/2018/texmf-dist/tex/latex/amsmath/amsopn.sty
Package: amsopn 2016/03/08 v2.02 operator names
)
\inf@bad=\count101
LaTeX Info: Redefining \frac on input line 223.
\uproot@=\count102
\leftroot@=\count103
LaTeX Info: Redefining \overline on input line 385.
\classnum@=\count104
\DOTSCASE@=\count105
LaTeX Info: Redefining \ldots on input line 482.
LaTeX Info: Redefining \dots on input line 485.
LaTeX Info: Redefining \cdots on input line 606.
\Mathstrutbox@=\box29
\strutbox@=\box30
\big@size=\dimen116
LaTeX Font Info:    Redeclaring font encoding OML on input line 729.
LaTeX Font Info:    Redeclaring font encoding OMS on input line 730.
\macc@depth=\count106
\c@MaxMatrixCols=\count107
\dotsspace@=\muskip10
\c@parentequation=\count108
\dspbrk@lvl=\count109
\tag@help=\toks16
\row@=\count110
\column@=\count111
\maxfields@=\count112
\andhelp@=\toks17
\eqnshift@=\dimen117
\alignsep@=\dimen118
\tagshift@=\dimen119
\tagwidth@=\dimen120
\totwidth@=\dimen121
\lineht@=\dimen122
\@envbody=\toks18
\multlinegap=\skip50
\multlinetaggap=\skip51
\mathdisplay@stack=\toks19
LaTeX Info: Redefining \[ on input line 2844.
LaTeX Info: Redefining \] on input line 2845.
)
(c:/texlive/2018/texmf-dist/tex/latex/amsfonts/amssymb.sty
Package: amssymb 2013/01/14 v3.01 AMS font symbols

(c:/texlive/2018/texmf-dist/tex/latex/amsfonts/amsfonts.sty
Package: amsfonts 2013/01/14 v3.01 Basic AMSFonts support
\symAMSa=\mathgroup4
\symAMSb=\mathgroup5
LaTeX Font Info:    Overwriting math alphabet `\mathfrak' in version `bold'
(Font)                  U/euf/m/n --> U/euf/b/n on input line 106.
))
(c:/texlive/2018/texmf-dist/tex/latex/algorithms/algorithmic.sty
Package: algorithmic 2009/08/24 v0.1 Document Style `algorithmic'

(c:/texlive/2018/texmf-dist/tex/latex/base/ifthen.sty
Package: ifthen 2014/09/29 v1.1c Standard LaTeX ifthen package (DPC)
)
(c:/texlive/2018/texmf-dist/tex/latex/graphics/keyval.sty
Package: keyval 2014/10/28 v1.15 key=value parser (DPC)
\KV@toks@=\toks20
)
\c@ALC@unique=\count113
\c@ALC@line=\count114
\c@ALC@rem=\count115
\c@ALC@depth=\count116
\ALC@tlm=\skip52
\algorithmicindent=\skip53
)
(c:/texlive/2018/texmf-dist/tex/latex/graphics/graphicx.sty
Package: graphicx 2017/06/01 v1.1a Enhanced LaTeX Graphics (DPC,SPQR)

(c:/texlive/2018/texmf-dist/tex/latex/graphics/graphics.sty
Package: graphics 2017/06/25 v1.2c Standard LaTeX Graphics (DPC,SPQR)

(c:/texlive/2018/texmf-dist/tex/latex/graphics/trig.sty
Package: trig 2016/01/03 v1.10 sin cos tan (DPC)
)
(c:/texlive/2018/texmf-dist/tex/latex/graphics-cfg/graphics.cfg
File: graphics.cfg 2016/06/04 v1.11 sample graphics configuration
)
Package graphics Info: Driver file: pdftex.def on input line 99.
)
\Gin@req@height=\dimen123
\Gin@req@width=\dimen124
)
(c:/texlive/2018/texmf-dist/tex/latex/base/textcomp.sty
Package: textcomp 2018/08/11 v2.0j Standard LaTeX package
Package textcomp Info: Sub-encoding information:
(textcomp)               5 = only ISO-Adobe without \textcurrency
(textcomp)               4 = 5 + \texteuro
(textcomp)               3 = 4 + \textohm
(textcomp)               2 = 3 + \textestimated + \textcurrency
(textcomp)               1 = TS1 - \textcircled - \t
(textcomp)               0 = TS1 (full)
(textcomp)             Font families with sub-encoding setting implement
(textcomp)             only a restricted character set as indicated.
(textcomp)             Family '?' is the default used for unknown fonts.
(textcomp)             See the documentation for details.
Package textcomp Info: Setting ? sub-encoding to TS1/1 on input line 79.

(c:/texlive/2018/texmf-dist/tex/latex/base/ts1enc.def
File: ts1enc.def 2001/06/05 v3.0e (jk/car/fm) Standard LaTeX file
Now handling font encoding TS1 ...
... processing UTF-8 mapping file for font encoding TS1

(c:/texlive/2018/texmf-dist/tex/latex/base/ts1enc.dfu
File: ts1enc.dfu 2018/10/05 v1.2f UTF-8 support for inputenc
   defining Unicode char U+00A2 (decimal 162)
   defining Unicode char U+00A3 (decimal 163)
   defining Unicode char U+00A4 (decimal 164)
   defining Unicode char U+00A5 (decimal 165)
   defining Unicode char U+00A6 (decimal 166)
   defining Unicode char U+00A7 (decimal 167)
   defining Unicode char U+00A8 (decimal 168)
   defining Unicode char U+00A9 (decimal 169)
   defining Unicode char U+00AA (decimal 170)
   defining Unicode char U+00AC (decimal 172)
   defining Unicode char U+00AE (decimal 174)
   defining Unicode char U+00AF (decimal 175)
   defining Unicode char U+00B0 (decimal 176)
   defining Unicode char U+00B1 (decimal 177)
   defining Unicode char U+00B2 (decimal 178)
   defining Unicode char U+00B3 (decimal 179)
   defining Unicode char U+00B4 (decimal 180)
   defining Unicode char U+00B5 (decimal 181)
   defining Unicode char U+00B6 (decimal 182)
   defining Unicode char U+00B7 (decimal 183)
   defining Unicode char U+00B9 (decimal 185)
   defining Unicode char U+00BA (decimal 186)
   defining Unicode char U+00BC (decimal 188)
   defining Unicode char U+00BD (decimal 189)
   defining Unicode char U+00BE (decimal 190)
   defining Unicode char U+00D7 (decimal 215)
   defining Unicode char U+00F7 (decimal 247)
   defining Unicode char U+0192 (decimal 402)
   defining Unicode char U+02C7 (decimal 711)
   defining Unicode char U+02D8 (decimal 728)
   defining Unicode char U+02DD (decimal 733)
   defining Unicode char U+0E3F (decimal 3647)
   defining Unicode char U+2016 (decimal 8214)
   defining Unicode char U+2020 (decimal 8224)
   defining Unicode char U+2021 (decimal 8225)
   defining Unicode char U+2022 (decimal 8226)
   defining Unicode char U+2030 (decimal 8240)
   defining Unicode char U+2031 (decimal 8241)
   defining Unicode char U+203B (decimal 8251)
   defining Unicode char U+203D (decimal 8253)
   defining Unicode char U+2044 (decimal 8260)
   defining Unicode char U+204E (decimal 8270)
   defining Unicode char U+2052 (decimal 8274)
   defining Unicode char U+20A1 (decimal 8353)
   defining Unicode char U+20A4 (decimal 8356)
   defining Unicode char U+20A6 (decimal 8358)
   defining Unicode char U+20A9 (decimal 8361)
   defining Unicode char U+20AB (decimal 8363)
   defining Unicode char U+20AC (decimal 8364)
   defining Unicode char U+20B1 (decimal 8369)
   defining Unicode char U+2103 (decimal 8451)
   defining Unicode char U+2116 (decimal 8470)
   defining Unicode char U+2117 (decimal 8471)
   defining Unicode char U+211E (decimal 8478)
   defining Unicode char U+2120 (decimal 8480)
   defining Unicode char U+2122 (decimal 8482)
   defining Unicode char U+2126 (decimal 8486)
   defining Unicode char U+2127 (decimal 8487)
   defining Unicode char U+212E (decimal 8494)
   defining Unicode char U+2190 (decimal 8592)
   defining Unicode char U+2191 (decimal 8593)
   defining Unicode char U+2192 (decimal 8594)
   defining Unicode char U+2193 (decimal 8595)
   defining Unicode char U+2329 (decimal 9001)
   defining Unicode char U+232A (decimal 9002)
   defining Unicode char U+2422 (decimal 9250)
   defining Unicode char U+25E6 (decimal 9702)
   defining Unicode char U+25EF (decimal 9711)
   defining Unicode char U+266A (decimal 9834)
   defining Unicode char U+FEFF (decimal 65279)
))
LaTeX Info: Redefining \oldstylenums on input line 334.
Package textcomp Info: Setting cmr sub-encoding to TS1/0 on input line 349.
Package textcomp Info: Setting cmss sub-encoding to TS1/0 on input line 350.
Package textcomp Info: Setting cmtt sub-encoding to TS1/0 on input line 351.
Package textcomp Info: Setting cmvtt sub-encoding to TS1/0 on input line 352.
Package textcomp Info: Setting cmbr sub-encoding to TS1/0 on input line 353.
Package textcomp Info: Setting cmtl sub-encoding to TS1/0 on input line 354.
Package textcomp Info: Setting ccr sub-encoding to TS1/0 on input line 355.
Package textcomp Info: Setting ptm sub-encoding to TS1/4 on input line 356.
Package textcomp Info: Setting pcr sub-encoding to TS1/4 on input line 357.
Package textcomp Info: Setting phv sub-encoding to TS1/4 on input line 358.
Package textcomp Info: Setting ppl sub-encoding to TS1/3 on input line 359.
Package textcomp Info: Setting pag sub-encoding to TS1/4 on input line 360.
Package textcomp Info: Setting pbk sub-encoding to TS1/4 on input line 361.
Package textcomp Info: Setting pnc sub-encoding to TS1/4 on input line 362.
Package textcomp Info: Setting pzc sub-encoding to TS1/4 on input line 363.
Package textcomp Info: Setting bch sub-encoding to TS1/4 on input line 364.
Package textcomp Info: Setting put sub-encoding to TS1/5 on input line 365.
Package textcomp Info: Setting uag sub-encoding to TS1/5 on input line 366.
Package textcomp Info: Setting ugq sub-encoding to TS1/5 on input line 367.
Package textcomp Info: Setting ul8 sub-encoding to TS1/4 on input line 368.
Package textcomp Info: Setting ul9 sub-encoding to TS1/4 on input line 369.
Package textcomp Info: Setting augie sub-encoding to TS1/5 on input line 370.
Package textcomp Info: Setting dayrom sub-encoding to TS1/3 on input line 371.
Package textcomp Info: Setting dayroms sub-encoding to TS1/3 on input line 372.

Package textcomp Info: Setting pxr sub-encoding to TS1/0 on input line 373.
Package textcomp Info: Setting pxss sub-encoding to TS1/0 on input line 374.
Package textcomp Info: Setting pxtt sub-encoding to TS1/0 on input line 375.
Package textcomp Info: Setting txr sub-encoding to TS1/0 on input line 376.
Package textcomp Info: Setting txss sub-encoding to TS1/0 on input line 377.
Package textcomp Info: Setting txtt sub-encoding to TS1/0 on input line 378.
Package textcomp Info: Setting lmr sub-encoding to TS1/0 on input line 379.
Package textcomp Info: Setting lmdh sub-encoding to TS1/0 on input line 380.
Package textcomp Info: Setting lmss sub-encoding to TS1/0 on input line 381.
Package textcomp Info: Setting lmssq sub-encoding to TS1/0 on input line 382.
Package textcomp Info: Setting lmvtt sub-encoding to TS1/0 on input line 383.
Package textcomp Info: Setting lmtt sub-encoding to TS1/0 on input line 384.
Package textcomp Info: Setting qhv sub-encoding to TS1/0 on input line 385.
Package textcomp Info: Setting qag sub-encoding to TS1/0 on input line 386.
Package textcomp Info: Setting qbk sub-encoding to TS1/0 on input line 387.
Package textcomp Info: Setting qcr sub-encoding to TS1/0 on input line 388.
Package textcomp Info: Setting qcs sub-encoding to TS1/0 on input line 389.
Package textcomp Info: Setting qpl sub-encoding to TS1/0 on input line 390.
Package textcomp Info: Setting qtm sub-encoding to TS1/0 on input line 391.
Package textcomp Info: Setting qzc sub-encoding to TS1/0 on input line 392.
Package textcomp Info: Setting qhvc sub-encoding to TS1/0 on input line 393.
Package textcomp Info: Setting futs sub-encoding to TS1/4 on input line 394.
Package textcomp Info: Setting futx sub-encoding to TS1/4 on input line 395.
Package textcomp Info: Setting futj sub-encoding to TS1/4 on input line 396.
Package textcomp Info: Setting hlh sub-encoding to TS1/3 on input line 397.
Package textcomp Info: Setting hls sub-encoding to TS1/3 on input line 398.
Package textcomp Info: Setting hlst sub-encoding to TS1/3 on input line 399.
Package textcomp Info: Setting hlct sub-encoding to TS1/5 on input line 400.
Package textcomp Info: Setting hlx sub-encoding to TS1/5 on input line 401.
Package textcomp Info: Setting hlce sub-encoding to TS1/5 on input line 402.
Package textcomp Info: Setting hlcn sub-encoding to TS1/5 on input line 403.
Package textcomp Info: Setting hlcw sub-encoding to TS1/5 on input line 404.
Package textcomp Info: Setting hlcf sub-encoding to TS1/5 on input line 405.
Package textcomp Info: Setting pplx sub-encoding to TS1/3 on input line 406.
Package textcomp Info: Setting pplj sub-encoding to TS1/3 on input line 407.
Package textcomp Info: Setting ptmx sub-encoding to TS1/4 on input line 408.
Package textcomp Info: Setting ptmj sub-encoding to TS1/4 on input line 409.
)
(c:/texlive/2018/texmf-dist/tex/latex/subfigure/subfigure.sty
Package: subfigure 2002/03/15 v2.1.5 subfigure package


Package subfigure Warning: Your document class has a bad definition
 of \endfigure, most likely
 \let\endfigure=\end@float
 which has now been changed to
 \def\endfigure{\end@float}
 because otherwise subsequent changes to \end@float
 (like done by several packages changing float behaviour)
 can't take effect on \endfigure.
 Please complain to your document class author.


Package subfigure Warning: Your document class has a bad definition
 of \endtable, most likely
 \let\endtable=\end@float
 which has now been changed to
 \def\endtable{\end@float}
 because otherwise subsequent changes to \end@float
 (like done by several packages changing float behaviour)
 can't take effect on \endtable.
 Please complain to your document class author.

\subfigtopskip=\skip54
\subfigcapskip=\skip55
\subfigcaptopadj=\dimen125
\subfigbottomskip=\skip56
\subfigcapmargin=\dimen126
\subfiglabelskip=\skip57
\c@subfigure=\count117
\c@lofdepth=\count118
\c@subtable=\count119
\c@lotdepth=\count120
****************************************
* Local config file subfigure.cfg used *
****************************************
(c:/texlive/2018/texmf-dist/tex/latex/subfigure/subfigure.cfg)
\subfig@top=\skip58
\subfig@bottom=\skip59
)
(c:/texlive/2018/texmf-dist/tex/latex/algorithm2e/algorithm2e.sty
Package: algorithm2e 2017/07/18 v5.2 algorithms environments
\c@AlgoLine=\count121
\algocf@hangindent=\skip60

(c:/texlive/2018/texmf-dist/tex/latex/ifoddpage/ifoddpage.sty
Package: ifoddpage 2016/04/23 v1.1 Conditionals for odd/even page detection
\c@checkoddpage=\count122
)
(c:/texlive/2018/texmf-dist/tex/latex/tools/xspace.sty
Package: xspace 2014/10/28 v1.13 Space after command names (DPC,MH)
)
(c:/texlive/2018/texmf-dist/tex/latex/relsize/relsize.sty
Package: relsize 2013/03/29 ver 4.1
)
\skiptotal=\skip61
\skiplinenumber=\skip62
\skiprule=\skip63
\skiphlne=\skip64
\skiptext=\skip65
\skiplength=\skip66
\algomargin=\skip67
\skipalgocfslide=\skip68
\algowidth=\dimen127
\inoutsize=\dimen128
\inoutindent=\dimen129
\interspacetitleruled=\dimen130
\interspacealgoruled=\dimen131
\interspacetitleboxruled=\dimen132
\algocf@ruledwidth=\skip69
\algocf@inoutbox=\box31
\algocf@inputbox=\box32
\AlCapSkip=\skip70
\AlCapHSkip=\skip71
\algoskipindent=\skip72
\algocf@nlbox=\box33
\algocf@hangingbox=\box34
\algocf@untilbox=\box35
\algocf@skipuntil=\skip73
\algocf@capbox=\box36
\algocf@lcaptionbox=\skip74
\algoheightruledefault=\skip75
\algoheightrule=\skip76
\algotitleheightruledefault=\skip77
\algotitleheightrule=\skip78
\c@algocfline=\count123
\c@algocfproc=\count124
\c@algocf=\count125
\algocf@algoframe=\box37
\algocf@algobox=\box38
)
(c:/texlive/2018/texmf-dist/tex/latex/multirow/multirow.sty
Package: multirow 2019/01/01 v2.4 Span multiple rows of a table
\multirow@colwidth=\skip79
\multirow@cntb=\count126
\multirow@dima=\skip80
\bigstrutjot=\dimen133
)
(c:/texlive/2018/texmf-dist/tex/latex/tools/tabularx.sty
Package: tabularx 2016/02/03 v2.11b `tabularx' package (DPC)

(c:/texlive/2018/texmf-dist/tex/latex/tools/array.sty
Package: array 2018/11/13 v2.4j Tabular extension package (FMi)
\col@sep=\dimen134
\ar@mcellbox=\box39
\extrarowheight=\dimen135
\NC@list=\toks21
\extratabsurround=\skip81
\backup@length=\skip82
\ar@cellbox=\box40
)
\TX@col@width=\dimen136
\TX@old@table=\dimen137
\TX@old@col=\dimen138
\TX@target=\dimen139
\TX@delta=\dimen140
\TX@cols=\count127
\TX@ftn=\toks22
)
(c:/texlive/2018/texmf-dist/tex/latex/tools/bm.sty
Package: bm 2017/01/16 v1.2c Bold Symbol Support (DPC/FMi)
\symboldoperators=\mathgroup6
\symboldletters=\mathgroup7
\symboldsymbols=\mathgroup8
LaTeX Font Info:    Redeclaring math alphabet \mathbf on input line 141.
LaTeX Info: Redefining \bm on input line 207.
) (./ISK-means-botao.aux

LaTeX Warning: Label `' multiply defined.

)
\openout1 = `ISK-means-botao.aux'.

LaTeX Font Info:    Checking defaults for OML/cmm/m/it on input line 18.
LaTeX Font Info:    ... okay on input line 18.
LaTeX Font Info:    Checking defaults for T1/cmr/m/n on input line 18.
LaTeX Font Info:    ... okay on input line 18.
LaTeX Font Info:    Checking defaults for OT1/cmr/m/n on input line 18.
LaTeX Font Info:    ... okay on input line 18.
LaTeX Font Info:    Checking defaults for OMS/cmsy/m/n on input line 18.
LaTeX Font Info:    ... okay on input line 18.
LaTeX Font Info:    Checking defaults for OMX/cmex/m/n on input line 18.
LaTeX Font Info:    ... okay on input line 18.
LaTeX Font Info:    Checking defaults for U/cmr/m/n on input line 18.
LaTeX Font Info:    ... okay on input line 18.
LaTeX Font Info:    Checking defaults for TS1/cmr/m/n on input line 18.
LaTeX Font Info:    Try loading font information for TS1+cmr on input line 18.
 (c:/texlive/2018/texmf-dist/tex/latex/base/ts1cmr.fd
File: ts1cmr.fd 2014/09/29 v2.5h Standard LaTeX font definitions
)
LaTeX Font Info:    ... okay on input line 18.

(c:/texlive/2018/texmf-dist/tex/context/base/mkii/supp-pdf.mkii
[Loading MPS to PDF converter (version 2006.09.02).]
\scratchcounter=\count128
\scratchdimen=\dimen141
\scratchbox=\box41
\nofMPsegments=\count129
\nofMParguments=\count130
\everyMPshowfont=\toks23
\MPscratchCnt=\count131
\MPscratchDim=\dimen142
\MPnumerator=\count132
\makeMPintoPDFobject=\count133
\everyMPtoPDFconversion=\toks24
) (c:/texlive/2018/texmf-dist/tex/latex/oberdiek/epstopdf-base.sty
Package: epstopdf-base 2016/05/15 v2.6 Base part for package epstopdf

(c:/texlive/2018/texmf-dist/tex/generic/oberdiek/infwarerr.sty
Package: infwarerr 2016/05/16 v1.4 Providing info/warning/error messages (HO)
)
(c:/texlive/2018/texmf-dist/tex/latex/oberdiek/grfext.sty
Package: grfext 2016/05/16 v1.2 Manage graphics extensions (HO)

(c:/texlive/2018/texmf-dist/tex/generic/oberdiek/kvdefinekeys.sty
Package: kvdefinekeys 2016/05/16 v1.4 Define keys (HO)

(c:/texlive/2018/texmf-dist/tex/generic/oberdiek/ltxcmds.sty
Package: ltxcmds 2016/05/16 v1.23 LaTeX kernel commands for general use (HO)
)))
(c:/texlive/2018/texmf-dist/tex/latex/oberdiek/kvoptions.sty
Package: kvoptions 2016/05/16 v3.12 Key value format for package options (HO)

(c:/texlive/2018/texmf-dist/tex/generic/oberdiek/kvsetkeys.sty
Package: kvsetkeys 2016/05/16 v1.17 Key value parser (HO)

(c:/texlive/2018/texmf-dist/tex/generic/oberdiek/etexcmds.sty
Package: etexcmds 2016/05/16 v1.6 Avoid name clashes with e-TeX commands (HO)

(c:/texlive/2018/texmf-dist/tex/generic/oberdiek/ifluatex.sty
Package: ifluatex 2016/05/16 v1.4 Provides the ifluatex switch (HO)
Package ifluatex Info: LuaTeX not detected.
)
Package etexcmds Info: Could not find \expanded.
(etexcmds)             That can mean that you are not using pdfTeX 1.50 or
(etexcmds)             that some package has redefined \expanded.
(etexcmds)             In the latter case, load this package earlier.
)))
(c:/texlive/2018/texmf-dist/tex/generic/oberdiek/pdftexcmds.sty
Package: pdftexcmds 2018/09/10 v0.29 Utility functions of pdfTeX for LuaTeX (HO
)

(c:/texlive/2018/texmf-dist/tex/generic/oberdiek/ifpdf.sty
Package: ifpdf 2018/09/07 v3.3 Provides the ifpdf switch
)
Package pdftexcmds Info: LuaTeX not detected.
Package pdftexcmds Info: \pdf@primitive is available.
Package pdftexcmds Info: \pdf@ifprimitive is available.
Package pdftexcmds Info: \pdfdraftmode found.
)
Package epstopdf-base Info: Redefining graphics rule for `.eps' on input line 4
38.
Package grfext Info: Graphics extension search list:
(grfext)             [.pdf,.png,.jpg,.mps,.jpeg,.jbig2,.jb2,.PDF,.PNG,.JPG,.JPE
G,.JBIG2,.JB2,.eps]
(grfext)             \AppendGraphicsExtensions on input line 456.

(c:/texlive/2018/texmf-dist/tex/latex/latexconfig/epstopdf-sys.cfg
File: epstopdf-sys.cfg 2010/07/13 v1.3 Configuration of (r)epstopdf for TeX Liv
e
))
Package color Info: Redefining color nblue on input line 22.
Package color Info: Redefining color mblue on input line 22.
LaTeX Font Info:    Try loading font information for OT1+phv on input line 22.

(c:/texlive/2018/texmf-dist/tex/latex/psnfss/ot1phv.fd
File: ot1phv.fd 2001/06/04 scalable font definitions for OT1/phv.
)
Overfull \hbox (31.77873pt too wide) in paragraph at lines 22--22
 []\OT1/phv/m/n/11 NAME[] 
 []

Package color Info: Redefining color nblue on input line 22.
Package color Info: Redefining color mblue on input line 22.

Overfull \hbox (31.77873pt too wide) in paragraph at lines 22--22
 []\OT1/phv/m/n/11 NAME[] 
 []

Package color Info: Redefining color nblue on input line 23.
Package color Info: Redefining color mblue on input line 23.
LaTeX Font Info:    Font shape `OT1/phv/bx/n' in size <9> not available
(Font)              Font shape `OT1/phv/b/n' tried instead on input line 23.
LaTeX Font Info:    Font shape `OT1/phv/bx/it' in size <9> not available
(Font)              Font shape `OT1/phv/b/it' tried instead on input line 23.
LaTeX Font Info:    Font shape `OT1/phv/b/it' in size <9> not available
(Font)              Font shape `OT1/phv/b/sl' tried instead on input line 23.
Package color Info: Redefining color nblue on input line 27.
Package color Info: Redefining color mblue on input line 27.
LaTeX Font Info:    Font shape `OT1/phv/bx/n' in size <10> not available
(Font)              Font shape `OT1/phv/b/n' tried instead on input line 29.
LaTeX Font Info:    Try loading font information for T1+phv on input line 31.
(c:/texlive/2018/texmf-dist/tex/latex/psnfss/t1phv.fd
File: t1phv.fd 2001/06/04 scalable font definitions for T1/phv.
)
Package epstopdf Info: Source file: <LOGO-generic-web.eps>
(epstopdf)                    date: 2017-08-16 14:56:42
(epstopdf)                    size: 96860 bytes
(epstopdf)             Output file: <LOGO-generic-web-eps-converted-to.pdf>
(epstopdf)                    date: 2019-08-28 09:55:22
(epstopdf)                    size: 6702 bytes
(epstopdf)             Command: <repstopdf --outfile=LOGO-generic-web-eps-conve
rted-to.pdf LOGO-generic-web.eps>
(epstopdf)             \includegraphics on input line 50.
Package epstopdf Info: Output file is already uptodate.
<LOGO-generic-web-eps-converted-to.pdf, id=1, 55.20625pt x 34.1275pt>
File: LOGO-generic-web-eps-converted-to.pdf Graphic file (type pdf)
<use LOGO-generic-web-eps-converted-to.pdf>
Package pdftex.def Info: LOGO-generic-web-eps-converted-to.pdf  used on input l
ine 50.
(pdftex.def)             Requested size: 48.0pt x 29.674pt.
LaTeX Font Info:    Try loading font information for U+msa on input line 50.

(c:/texlive/2018/texmf-dist/tex/latex/amsfonts/umsa.fd
File: umsa.fd 2013/01/14 v3.01 AMS symbols A
)
LaTeX Font Info:    Try loading font information for U+msb on input line 50.

(c:/texlive/2018/texmf-dist/tex/latex/amsfonts/umsb.fd
File: umsb.fd 2013/01/14 v3.01 AMS symbols B
)
Overfull \hbox (259.0pt too wide) has occurred while \output is active
[][] 
 []


Overfull \hbox (12.0pt too wide) has occurred while \output is active
[] [] [] 
 []


Underfull \hbox (badness 10000) has occurred while \output is active
[]
 []


Overfull \vbox (25.674pt too high) has occurred while \output is active []


[1{c:/texlive/2018/texmf-var/fonts/map/pdftex/updmap/pdftex.map}


 <./LOGO-generic-web-eps-converted-to.pdf>]
LaTeX Font Info:    Font shape `OT1/phv/m/it' in size <10> not available
(Font)              Font shape `OT1/phv/m/sl' tried instead on input line 55.
Package epstopdf Info: Source file: <original.eps>
(epstopdf)                    date: 2019-08-15 17:40:35
(epstopdf)                    size: 35719 bytes
(epstopdf)             Output file: <original-eps-converted-to.pdf>
(epstopdf)                    date: 2019-08-15 17:43:11
(epstopdf)                    size: 11366 bytes
(epstopdf)             Command: <repstopdf --outfile=original-eps-converted-to.
pdf original.eps>
(epstopdf)             \includegraphics on input line 137.
Package epstopdf Info: Output file is already uptodate.
<original-eps-converted-to.pdf, id=16, 361.35pt x 288.07625pt>
File: original-eps-converted-to.pdf Graphic file (type pdf)
<use original-eps-converted-to.pdf>
Package pdftex.def Info: original-eps-converted-to.pdf  used on input line 137.

(pdftex.def)             Requested size: 216.81pt x 172.84708pt.
Package epstopdf Info: Source file: <density.eps>
(epstopdf)                    date: 2019-08-15 17:40:38
(epstopdf)                    size: 5459489 bytes
(epstopdf)             Output file: <density-eps-converted-to.pdf>
(epstopdf)                    date: 2019-08-15 17:43:13
(epstopdf)                    size: 438026 bytes
(epstopdf)             Command: <repstopdf --outfile=density-eps-converted-to.p
df density.eps>
(epstopdf)             \includegraphics on input line 144.
Package epstopdf Info: Output file is already uptodate.
<density-eps-converted-to.pdf, id=17, 387.4475pt x 274.02374pt>
File: density-eps-converted-to.pdf Graphic file (type pdf)
<use density-eps-converted-to.pdf>
Package pdftex.def Info: density-eps-converted-to.pdf  used on input line 144.
(pdftex.def)             Requested size: 216.81pt x 153.33936pt.

Overfull \hbox (14.00024pt too wide) in paragraph at lines 137--146
 [][][] 
 []


Overfull \vbox (5.0pt too high) has occurred while \output is active []

 [2]
LaTeX Font Info:    Font shape `OT1/phv/m/it' in size <7> not available
(Font)              Font shape `OT1/phv/m/sl' tried instead on input line 202.

Overfull \vbox (5.0pt too high) has occurred while \output is active []

 [3

pdfTeX warning: pdflatex.exe: pop empty color page stack 0


pdfTeX warning: pdflatex.exe: pop empty color page stack 0
 <./original-eps-converted-to.pdf> <./density-eps-converted-to.pdf>]
Overfull \hbox (47.53366pt too wide) in alignment at lines 206--213
 [][][] []
 []


Overfull \hbox (10.0pt too wide) detected at line 244
[][] 
 []

LaTeX Font Info:    Font shape `OT1/phv/m/it' in size <9> not available
(Font)              Font shape `OT1/phv/m/sl' tried instead on input line 250.

Overfull \hbox (10.0pt too wide) detected at line 284
[][] 
 []


Overfull \vbox (5.0pt too high) has occurred while \output is active []

 [4]
Package epstopdf Info: Source file: <cha3.eps>
(epstopdf)                    date: 2019-08-15 16:54:54
(epstopdf)                    size: 1315958 bytes
(epstopdf)             Output file: <cha3-eps-converted-to.pdf>
(epstopdf)                    date: 2019-08-15 16:55:23
(epstopdf)                    size: 98806 bytes
(epstopdf)             Command: <repstopdf --outfile=cha3-eps-converted-to.pdf 
cha3.eps>
(epstopdf)             \includegraphics on input line 288.
Package epstopdf Info: Output file is already uptodate.
<cha3-eps-converted-to.pdf, id=48, 301.125pt x 305.14pt>
File: cha3-eps-converted-to.pdf Graphic file (type pdf)
<use cha3-eps-converted-to.pdf>
Package pdftex.def Info: cha3-eps-converted-to.pdf  used on input line 288.
(pdftex.def)             Requested size: 176.39923pt x 178.75992pt.
Package epstopdf Info: Source file: <cha2.eps>
(epstopdf)                    date: 2019-08-15 17:05:51
(epstopdf)                    size: 1563315 bytes
(epstopdf)             Output file: <cha2-eps-converted-to.pdf>
(epstopdf)                    date: 2019-08-15 17:06:00
(epstopdf)                    size: 178492 bytes
(epstopdf)             Command: <repstopdf --outfile=cha2-eps-converted-to.pdf 
cha2.eps>
(epstopdf)             \includegraphics on input line 294.
Package epstopdf Info: Output file is already uptodate.
<cha2-eps-converted-to.pdf, id=49, 442.65375pt x 317.185pt>
File: cha2-eps-converted-to.pdf Graphic file (type pdf)
<use cha2-eps-converted-to.pdf>
Package pdftex.def Info: cha2-eps-converted-to.pdf  used on input line 294.
(pdftex.def)             Requested size: 176.39923pt x 126.40227pt.


LaTeX Warning: `!h' float specifier changed to `!ht'.


Overfull \hbox (10.0pt too wide) detected at line 333
[][] 
 []

Package epstopdf Info: Source file: <multihead.eps>
(epstopdf)                    date: 2019-08-13 10:03:04
(epstopdf)                    size: 327784 bytes
(epstopdf)             Output file: <multihead-eps-converted-to.pdf>
(epstopdf)                    date: 2019-08-13 10:04:07
(epstopdf)                    size: 26253 bytes
(epstopdf)             Command: <repstopdf --outfile=multihead-eps-converted-to
.pdf multihead.eps>
(epstopdf)             \includegraphics on input line 338.
Package epstopdf Info: Output file is already uptodate.
<multihead-eps-converted-to.pdf, id=50, 191.71625pt x 184.69pt>
File: multihead-eps-converted-to.pdf Graphic file (type pdf)
<use multihead-eps-converted-to.pdf>
Package pdftex.def Info: multihead-eps-converted-to.pdf  used on input line 338
.
(pdftex.def)             Requested size: 176.39923pt x 169.94502pt.

LaTeX Warning: `!h' float specifier changed to `!ht'.


Overfull \vbox (5.0pt too high) has occurred while \output is active []

 [5 <./cha3-eps-converted-to.pdf> <./cha2-eps-converted-to.pdf>]
Overfull \hbox (10.0pt too wide) detected at line 366
[][] 
 []

\width=\dimen143

LaTeX Warning: `!h' float specifier changed to `!ht'.

Package epstopdf Info: Source file: <fig11.eps>
(epstopdf)                    date: 2019-08-14 13:54:47
(epstopdf)                    size: 24689 bytes
(epstopdf)             Output file: <fig11-eps-converted-to.pdf>
(epstopdf)                    date: 2019-08-14 13:57:44
(epstopdf)                    size: 8311 bytes
(epstopdf)             Command: <repstopdf --outfile=fig11-eps-converted-to.pdf
 fig11.eps>
(epstopdf)             \includegraphics on input line 419.
Package epstopdf Info: Output file is already uptodate.
<fig11-eps-converted-to.pdf, id=161, 363.3575pt x 291.0875pt>
File: fig11-eps-converted-to.pdf Graphic file (type pdf)
<use fig11-eps-converted-to.pdf>
Package pdftex.def Info: fig11-eps-converted-to.pdf  used on input line 419.
(pdftex.def)             Requested size: 216.81pt x 173.69pt.
Package epstopdf Info: Source file: <fig8.eps>
(epstopdf)                    date: 2019-08-14 13:54:45
(epstopdf)                    size: 24691 bytes
(epstopdf)             Output file: <fig8-eps-converted-to.pdf>
(epstopdf)                    date: 2019-08-14 13:57:45
(epstopdf)                    size: 8294 bytes
(epstopdf)             Command: <repstopdf --outfile=fig8-eps-converted-to.pdf 
fig8.eps>
(epstopdf)             \includegraphics on input line 426.
Package epstopdf Info: Output file is already uptodate.
<fig8-eps-converted-to.pdf, id=162, 363.3575pt x 291.0875pt>
File: fig8-eps-converted-to.pdf Graphic file (type pdf)
<use fig8-eps-converted-to.pdf>
Package pdftex.def Info: fig8-eps-converted-to.pdf  used on input line 426.
(pdftex.def)             Requested size: 216.81pt x 173.69pt.
Package epstopdf Info: Source file: <fig9.eps>
(epstopdf)                    date: 2019-08-14 13:54:46
(epstopdf)                    size: 24691 bytes
(epstopdf)             Output file: <fig9-eps-converted-to.pdf>
(epstopdf)                    date: 2019-08-14 13:57:47
(epstopdf)                    size: 8290 bytes
(epstopdf)             Command: <repstopdf --outfile=fig9-eps-converted-to.pdf 
fig9.eps>
(epstopdf)             \includegraphics on input line 433.
Package epstopdf Info: Output file is already uptodate.
<fig9-eps-converted-to.pdf, id=163, 363.3575pt x 291.0875pt>
File: fig9-eps-converted-to.pdf Graphic file (type pdf)
<use fig9-eps-converted-to.pdf>
Package pdftex.def Info: fig9-eps-converted-to.pdf  used on input line 433.
(pdftex.def)             Requested size: 216.81pt x 173.69pt.

Overfull \hbox (14.00024pt too wide) in paragraph at lines 419--435
 [][][] 
 []

\width=\dimen144

Overfull \hbox (12.32689pt too wide) in paragraph at lines 443--457
 [][] 
 []

Package epstopdf Info: Source file: <energy10.eps>
(epstopdf)                    date: 2019-08-14 13:54:48
(epstopdf)                    size: 38931 bytes
(epstopdf)             Output file: <energy10-eps-converted-to.pdf>
(epstopdf)                    date: 2019-08-14 13:57:49
(epstopdf)                    size: 16843 bytes
(epstopdf)             Command: <repstopdf --outfile=energy10-eps-converted-to.
pdf energy10.eps>
(epstopdf)             \includegraphics on input line 466.
Package epstopdf Info: Output file is already uptodate.
<energy10-eps-converted-to.pdf, id=164, 365.365pt x 277.035pt>
File: energy10-eps-converted-to.pdf Graphic file (type pdf)
<use energy10-eps-converted-to.pdf>
Package pdftex.def Info: energy10-eps-converted-to.pdf  used on input line 466.

(pdftex.def)             Requested size: 216.81pt x 164.39612pt.
Package epstopdf Info: Source file: <energy15.eps>
(epstopdf)                    date: 2019-08-14 13:54:49
(epstopdf)                    size: 38935 bytes
(epstopdf)             Output file: <energy15-eps-converted-to.pdf>
(epstopdf)                    date: 2019-08-14 13:57:51
(epstopdf)                    size: 16837 bytes
(epstopdf)             Command: <repstopdf --outfile=energy15-eps-converted-to.
pdf energy15.eps>
(epstopdf)             \includegraphics on input line 473.
Package epstopdf Info: Output file is already uptodate.
<energy15-eps-converted-to.pdf, id=165, 365.365pt x 277.035pt>
File: energy15-eps-converted-to.pdf Graphic file (type pdf)
<use energy15-eps-converted-to.pdf>
Package pdftex.def Info: energy15-eps-converted-to.pdf  used on input line 473.

(pdftex.def)             Requested size: 216.81pt x 164.39612pt.

Overfull \hbox (14.00024pt too wide) in paragraph at lines 466--475
 [][][] 
 []


LaTeX Warning: Citation `1045297' on page 6 undefined on input line 480.


LaTeX Warning: Citation `6375088' on page 6 undefined on input line 480.


Overfull \vbox (5.0pt too high) has occurred while \output is active []

 [6 <./multihead-eps-converted-to.pdf>]
Underfull \vbox (badness 10000) has occurred while \output is active []


Underfull \vbox (badness 10000) has occurred while \output is active []


Overfull \vbox (5.0pt too high) has occurred while \output is active []

 [7 <./fig11-eps-converted-to.pdf> <./fig8-eps-converted-to.pdf> <./fig9-eps-co
nverted-to.pdf> <./energy10-eps-converted-to.pdf> <./energy15-eps-converted-to.
pdf>]
Package epstopdf Info: Source file: <three.eps>
(epstopdf)                    date: 2019-08-14 13:44:45
(epstopdf)                    size: 27432 bytes
(epstopdf)             Output file: <three-eps-converted-to.pdf>
(epstopdf)                    date: 2019-08-14 13:45:48
(epstopdf)                    size: 11750 bytes
(epstopdf)             Command: <repstopdf --outfile=three-eps-converted-to.pdf
 three.eps>
(epstopdf)             \includegraphics on input line 484.
Package epstopdf Info: Output file is already uptodate.
<three-eps-converted-to.pdf, id=214, 421.575pt x 316.18124pt>
File: three-eps-converted-to.pdf Graphic file (type pdf)
<use three-eps-converted-to.pdf>
Package pdftex.def Info: three-eps-converted-to.pdf  used on input line 484.
(pdftex.def)             Requested size: 226.79846pt x 170.1033pt.
Package epstopdf Info: Source file: <nodedead.eps>
(epstopdf)                    date: 2019-08-14 12:29:12
(epstopdf)                    size: 166683 bytes
(epstopdf)             Output file: <nodedead-eps-converted-to.pdf>
(epstopdf)                    date: 2019-08-14 12:29:34
(epstopdf)                    size: 38107 bytes
(epstopdf)             Command: <repstopdf --outfile=nodedead-eps-converted-to.
pdf nodedead.eps>
(epstopdf)             \includegraphics on input line 491.
Package epstopdf Info: Output file is already uptodate.
<nodedead-eps-converted-to.pdf, id=215, 421.575pt x 316.18124pt>
File: nodedead-eps-converted-to.pdf Graphic file (type pdf)
<use nodedead-eps-converted-to.pdf>
Package pdftex.def Info: nodedead-eps-converted-to.pdf  used on input line 491.

(pdftex.def)             Requested size: 226.79846pt x 170.1033pt.
Package epstopdf Info: Source file: <packet1.eps>
(epstopdf)                    date: 2019-08-14 11:41:29
(epstopdf)                    size: 40714 bytes
(epstopdf)             Output file: <packet1-eps-converted-to.pdf>
(epstopdf)                    date: 2019-08-14 15:04:19
(epstopdf)                    size: 18706 bytes
(epstopdf)             Command: <repstopdf --outfile=packet1-eps-converted-to.p
df packet1.eps>
(epstopdf)             \includegraphics on input line 501.
Package epstopdf Info: Output file is already uptodate.
<packet1-eps-converted-to.pdf, id=216, 421.575pt x 316.18124pt>
File: packet1-eps-converted-to.pdf Graphic file (type pdf)
<use packet1-eps-converted-to.pdf>
Package pdftex.def Info: packet1-eps-converted-to.pdf  used on input line 501.
(pdftex.def)             Requested size: 226.79846pt x 170.1033pt.


LaTeX Warning: `!h' float specifier changed to `!ht'.

\width=\dimen145

Overfull \hbox (79.19157pt too wide) in paragraph at lines 518--532
 [][] 
 []

Package epstopdf Info: Source file: <node500.eps>
(epstopdf)                    date: 2019-08-15 13:20:36
(epstopdf)                    size: 49641 bytes
(epstopdf)             Output file: <node500-eps-converted-to.pdf>
(epstopdf)                    date: 2019-08-15 13:34:48
(epstopdf)                    size: 21981 bytes
(epstopdf)             Command: <repstopdf --outfile=node500-eps-converted-to.p
df node500.eps>
(epstopdf)             \includegraphics on input line 542.
Package epstopdf Info: Output file is already uptodate.
<node500-eps-converted-to.pdf, id=217, 367.3725pt x 288.07625pt>
File: node500-eps-converted-to.pdf Graphic file (type pdf)
<use node500-eps-converted-to.pdf>
Package pdftex.def Info: node500-eps-converted-to.pdf  used on input line 542.
(pdftex.def)             Requested size: 216.81pt x 170.01625pt.
Package epstopdf Info: Source file: <node700.eps>
(epstopdf)                    date: 2019-08-15 13:20:37
(epstopdf)                    size: 50562 bytes
(epstopdf)             Output file: <node700-eps-converted-to.pdf>
(epstopdf)                    date: 2019-08-15 13:34:49
(epstopdf)                    size: 22103 bytes
(epstopdf)             Command: <repstopdf --outfile=node700-eps-converted-to.p
df node700.eps>
(epstopdf)             \includegraphics on input line 549.
Package epstopdf Info: Output file is already uptodate.
<node700-eps-converted-to.pdf, id=218, 367.3725pt x 288.07625pt>
File: node700-eps-converted-to.pdf Graphic file (type pdf)
<use node700-eps-converted-to.pdf>
Package pdftex.def Info: node700-eps-converted-to.pdf  used on input line 549.
(pdftex.def)             Requested size: 216.81pt x 170.01625pt.
Package epstopdf Info: Source file: <node900.eps>
(epstopdf)                    date: 2019-08-15 13:20:38
(epstopdf)                    size: 50968 bytes
(epstopdf)             Output file: <node900-eps-converted-to.pdf>
(epstopdf)                    date: 2019-08-15 13:34:51
(epstopdf)                    size: 22109 bytes
(epstopdf)             Command: <repstopdf --outfile=node900-eps-converted-to.p
df node900.eps>
(epstopdf)             \includegraphics on input line 556.
Package epstopdf Info: Output file is already uptodate.
<node900-eps-converted-to.pdf, id=219, 367.3725pt x 288.07625pt>
File: node900-eps-converted-to.pdf Graphic file (type pdf)
<use node900-eps-converted-to.pdf>
Package pdftex.def Info: node900-eps-converted-to.pdf  used on input line 556.
(pdftex.def)             Requested size: 216.81pt x 170.01625pt.
Package epstopdf Info: Source file: <node2000.eps>
(epstopdf)                    date: 2019-08-15 13:20:39
(epstopdf)                    size: 52440 bytes
(epstopdf)             Output file: <node2000-eps-converted-to.pdf>
(epstopdf)                    date: 2019-08-15 13:34:53
(epstopdf)                    size: 21978 bytes
(epstopdf)             Command: <repstopdf --outfile=node2000-eps-converted-to.
pdf node2000.eps>
(epstopdf)             \includegraphics on input line 563.
Package epstopdf Info: Output file is already uptodate.
<node2000-eps-converted-to.pdf, id=220, 367.3725pt x 288.07625pt>
File: node2000-eps-converted-to.pdf Graphic file (type pdf)
<use node2000-eps-converted-to.pdf>
Package pdftex.def Info: node2000-eps-converted-to.pdf  used on input line 563.

(pdftex.def)             Requested size: 216.81pt x 170.01625pt.

Overfull \hbox (14.00024pt too wide) in paragraph at lines 542--565
 [][][] 
 []


Overfull \hbox (14.00024pt too wide) in paragraph at lines 542--565
 [][] 
 []


Overfull \vbox (5.0pt too high) has occurred while \output is active []

 [8 <./three-eps-converted-to.pdf> <./nodedead-eps-converted-to.pdf> <./packet1
-eps-converted-to.pdf>]
LaTeX Font Info:    Try loading font information for TS1+ptm on input line 605.

 (c:/texlive/2018/texmf-dist/tex/latex/psnfss/ts1ptm.fd
File: ts1ptm.fd 2001/06/04 font definitions for TS1/ptm.
)
Overfull \vbox (5.0pt too high) has occurred while \output is active []

 [9 <./node500-eps-converted-to.pdf> <./node700-eps-converted-to.pdf> <./node90
0-eps-converted-to.pdf> <./node2000-eps-converted-to.pdf>]
Overfull \vbox (5.0pt too high) has occurred while \output is active []

 [10

]
(./ISK-means-botao.aux)

LaTeX Warning: There were undefined references.


LaTeX Warning: There were multiply-defined labels.

 ) 
Here is how much of TeX's memory you used:
 5548 strings out of 492616
 80806 string characters out of 6132769
 166887 words of memory out of 5000000
 9304 multiletter control sequences out of 15000+600000
 74804 words of font info for 126 fonts, out of 8000000 for 9000
 1141 hyphenation exceptions out of 8191
 41i,19n,27p,1550b,663s stack positions out of 5000i,500n,10000p,200000b,80000s
{c:/texlive/2018/texmf-dist/fonts/enc/dvips/base/8r.enc}<c:/texlive/2018/texm
f-dist/fonts/type1/public/amsfonts/cm/cmbx10.pfb><c:/texlive/2018/texmf-dist/fo
nts/type1/public/amsfonts/cm/cmex10.pfb><c:/texlive/2018/texmf-dist/fonts/type1
/public/amsfonts/cmextra/cmex7.pfb><c:/texlive/2018/texmf-dist/fonts/type1/publ
ic/amsfonts/cm/cmmi10.pfb><c:/texlive/2018/texmf-dist/fonts/type1/public/amsfon
ts/cm/cmmi5.pfb><c:/texlive/2018/texmf-dist/fonts/type1/public/amsfonts/cm/cmmi
6.pfb><c:/texlive/2018/texmf-dist/fonts/type1/public/amsfonts/cm/cmmi7.pfb><c:/
texlive/2018/texmf-dist/fonts/type1/public/amsfonts/cm/cmmi8.pfb><c:/texlive/20
18/texmf-dist/fonts/type1/public/amsfonts/cm/cmmib10.pfb><c:/texlive/2018/texmf
-dist/fonts/type1/public/amsfonts/cm/cmr10.pfb><c:/texlive/2018/texmf-dist/font
s/type1/public/amsfonts/cm/cmr5.pfb><c:/texlive/2018/texmf-dist/fonts/type1/pub
lic/amsfonts/cm/cmr6.pfb><c:/texlive/2018/texmf-dist/fonts/type1/public/amsfont
s/cm/cmr7.pfb><c:/texlive/2018/texmf-dist/fonts/type1/public/amsfonts/cm/cmr8.p
fb><c:/texlive/2018/texmf-dist/fonts/type1/public/amsfonts/cm/cmsy10.pfb><c:/te
xlive/2018/texmf-dist/fonts/type1/public/amsfonts/cm/cmsy5.pfb><c:/texlive/2018
/texmf-dist/fonts/type1/public/amsfonts/cm/cmsy7.pfb><c:/texlive/2018/texmf-dis
t/fonts/type1/public/amsfonts/cm/cmsy8.pfb><c:/texlive/2018/texmf-dist/fonts/ty
pe1/urw/helvetic/uhvb8a.pfb><c:/texlive/2018/texmf-dist/fonts/type1/urw/helveti
c/uhvbo8a.pfb><c:/texlive/2018/texmf-dist/fonts/type1/urw/helvetic/uhvr8a.pfb><
c:/texlive/2018/texmf-dist/fonts/type1/urw/helvetic/uhvro8a.pfb><c:/texlive/201
8/texmf-dist/fonts/type1/urw/times/utmb8a.pfb><c:/texlive/2018/texmf-dist/fonts
/type1/urw/times/utmr8a.pfb><c:/texlive/2018/texmf-dist/fonts/type1/urw/times/u
tmri8a.pfb>
Output written on ISK-means-botao.pdf (10 pages, 1203792 bytes).
PDF statistics:
 346 PDF objects out of 1000 (max. 8388607)
 184 compressed objects within 2 object streams
 0 named destinations out of 1000 (max. 500000)
 91 words of extra memory for PDF output out of 10000 (max. 10000000)

